[2026-07-13 10:28:19] [INFO] Starting Pharmacy Inventory Sync Agent...
[2026-07-13 10:28:19] [INFO] Configuration loaded successfully.
[2026-07-13 10:28:19] [INFO] Connecting to SQL Server: .\SQLEXPRESS...
[2026-07-13 10:28:19] [INFO] Using Windows Authentication (Integrated Security).
[2026-07-13 10:28:19] [INFO] SQL Connection Status: SUCCESS
[2026-07-13 10:28:19] [INFO] Identifying server (main) branch...
[2026-07-13 10:28:19] [INFO] Server Branch ID: 1
[2026-07-13 10:28:19] [INFO] Loading active branches...
[2026-07-13 10:28:19] [INFO] Number Of Active Branches: 0
[2026-07-13 10:28:19] [INFO] Loading branch products stock (Branches_Product_Amount)...
[2026-07-13 10:28:20] [INFO] Branch product stock rows loaded: 14473
[2026-07-13 10:28:20] [INFO] Loading server branch products stock (Product_Amount)...
[2026-07-13 10:28:21] [INFO] Server branch products with stock > 0: 7365
[2026-07-13 10:28:21] [INFO] Building branch-based data structure...
[2026-07-13 10:28:26] [INFO] Total branches with products: 0
[2026-07-13 10:28:26] [INFO] Total products across all branches: 0
[2026-07-13 10:28:26] [INFO] No branches with products found to sync.
[2026-07-13 10:28:26] [INFO] End Time: 2026-07-13 10:28:26
[2026-07-13 10:28:26] [INFO] Duration: 7.5288185 seconds
[2026-07-13 10:28:26] [INFO] Sync completed successfully.
